<?xml version="1.0" encoding="UTF-8"?>
<testsuite name="fr.iutinfo.skeleton.api.LoginResourceTest" time="0.585" tests="3" errors="2" skipped="0" failures="1">
  <properties>
[...]
</properties>
  <testcase name="should_return_current_user_with_authorization_header" classname="fr.iutinfo.skeleton.api.LoginResourceTest" time="0.078">
    <error message="Unable to execute, no named parameter matches &quot;email&quot; and no positional param for place 2 (which is 3 in the JDBC &apos;start at 1&apos; scheme) has been set. [statement:&quot;insert into users (name,alias,email, passwdHash, salt, search) values (:name, :alias, :email, :passwdHash, :salt, :search)&quot;, located:&quot;insert into users (name,alias,email, passwdHash, salt, search) values (:name, :alias, :email, :passwdHash, :salt, :search)&quot;, rewritten:&quot;insert into users (name,alias,email, passwdHash, salt, search) values (?, ?, ?, ?, ?, ?)&quot;, arguments:{ positional:{}, named:{fname:&apos;null&apos;,lname:&apos;null&apos;,password:&apos;motdepasse&apos;,search:&apos;tclavier null&apos;,salt:&apos;graindesel&apos;,inUserGroup:true,name:&apos;tclavier&apos;,alias:&apos;null&apos;,anonymous:false,id:0,passwdHash:&apos;84edb3f1dcfbb6812672f56489433f374612054bed48890a54ab07a64dccaa6f&apos;,class:class fr.iutinfo.skeleton.api.User}, finder:[]}]" type="org.skife.jdbi.v2.exceptions.UnableToExecuteStatementException"><![CDATA[org.skife.jdbi.v2.exceptions.UnableToExecuteStatementException: Unable to execute, no named parameter matches "email" and no positional param for place 2 (which is 3 in the JDBC 'start at 1' scheme) has been set. [statement:"insert into users (name,alias,email, passwdHash, salt, search) values (:name, :alias, :email, :passwdHash, :salt, :search)", located:"insert into users (name,alias,email, passwdHash, salt, search) values (:name, :alias, :email, :passwdHash, :salt, :search)", rewritten:"insert into users (name,alias,email, passwdHash, salt, search) values (?, ?, ?, ?, ?, ?)", arguments:{ positional:{}, named:{fname:'null',lname:'null',password:'motdepasse',search:'tclavier null',salt:'graindesel',inUserGroup:true,name:'tclavier',alias:'null',anonymous:false,id:0,passwdHash:'84edb3f1dcfbb6812672f56489433f374612054bed48890a54ab07a64dccaa6f',class:class fr.iutinfo.skeleton.api.User}, finder:[]}]
	at org.skife.jdbi.v2.ColonPrefixNamedParamStatementRewriter$MyRewrittenStatement.bind(ColonPrefixNamedParamStatementRewriter.java:156)
	at org.skife.jdbi.v2.SQLStatement.internalExecute(SQLStatement.java:1318)
	at org.skife.jdbi.v2.Update.executeAndReturnGeneratedKeys(Update.java:77)
	at org.skife.jdbi.v2.sqlobject.UpdateHandler$1.value(UpdateHandler.java:50)
	at org.skife.jdbi.v2.sqlobject.UpdateHandler.invoke(UpdateHandler.java:72)
	at org.skife.jdbi.v2.sqlobject.SqlObject.invoke(SqlObject.java:175)
	at org.skife.jdbi.v2.sqlobject.SqlObject$1.intercept(SqlObject.java:75)
	at org.skife.jdbi.v2.sqlobject.CloseInternalDoNotUseThisClass$$EnhancerByCGLIB$$c69fac30.insert(<generated>)
	at fr.iutinfo.skeleton.api.Helper.createUser(Helper.java:41)
	at fr.iutinfo.skeleton.api.Helper.createUserWithPassword(Helper.java:37)
	at fr.iutinfo.skeleton.api.LoginResourceTest.should_return_current_user_with_authorization_header(LoginResourceTest.java:29)
]]></error>
    <system-out><![CDATA[16:39:18.428 [main] DEBUG fr.iutinfo.skeleton.api.Helper - createUserWithPassword Hash : 84edb3f1dcfbb6812672f56489433f374612054bed48890a54ab07a64dccaa6f
]]></system-out>
    <system-err><![CDATA[mars 21, 2018 4:39:18 PM org.glassfish.jersey.test.simple.SimpleTestContainerFactory$SimpleTestContainer <init>
INFOS: Creating SimpleTestContainer configured at the base URI http://localhost:9998/
]]></system-err>
  </testcase>
  <testcase name="should_return_anonymous_user_without_authorization_header" classname="fr.iutinfo.skeleton.api.LoginResourceTest" time="0.409">
    <failure message="expected:&lt;Anonymous&gt; but was:&lt;null&gt;" type="java.lang.AssertionError"><![CDATA[java.lang.AssertionError: expected:<Anonymous> but was:<null>
	at org.junit.Assert.fail(Assert.java:88)
	at org.junit.Assert.failNotEquals(Assert.java:834)
	at org.junit.Assert.assertEquals(Assert.java:118)
	at org.junit.Assert.assertEquals(Assert.java:144)
	at fr.iutinfo.skeleton.api.LoginResourceTest.should_return_anonymous_user_without_authorization_header(LoginResourceTest.java:38)
]]></failure>
    <system-out><![CDATA[16:39:18.540 [Worker: RequestDispatcher: Thread-23] DEBUG fr.iutinfo.skeleton.auth.AuthFilter - authorizationHeader : null
]]></system-out>
    <system-err><![CDATA[mars 21, 2018 4:39:18 PM org.glassfish.jersey.test.simple.SimpleTestContainerFactory$SimpleTestContainer <init>
INFOS: Creating SimpleTestContainer configured at the base URI http://localhost:9998/
]]></system-err>
  </testcase>
  <testcase name="should_return_anonymous_user_for_bad_user" classname="fr.iutinfo.skeleton.api.LoginResourceTest" time="0.098">
    <error message="Unable to execute, no named parameter matches &quot;email&quot; and no positional param for place 2 (which is 3 in the JDBC &apos;start at 1&apos; scheme) has been set. [statement:&quot;insert into users (name,alias,email, passwdHash, salt, search) values (:name, :alias, :email, :passwdHash, :salt, :search)&quot;, located:&quot;insert into users (name,alias,email, passwdHash, salt, search) values (:name, :alias, :email, :passwdHash, :salt, :search)&quot;, rewritten:&quot;insert into users (name,alias,email, passwdHash, salt, search) values (?, ?, ?, ?, ?, ?)&quot;, arguments:{ positional:{}, named:{fname:&apos;null&apos;,lname:&apos;null&apos;,password:&apos;motdepasse&apos;,search:&apos;tclavier null&apos;,salt:&apos;graindesel&apos;,inUserGroup:true,name:&apos;tclavier&apos;,alias:&apos;null&apos;,anonymous:false,id:0,passwdHash:&apos;84edb3f1dcfbb6812672f56489433f374612054bed48890a54ab07a64dccaa6f&apos;,class:class fr.iutinfo.skeleton.api.User}, finder:[]}]" type="org.skife.jdbi.v2.exceptions.UnableToExecuteStatementException"><![CDATA[org.skife.jdbi.v2.exceptions.UnableToExecuteStatementException: Unable to execute, no named parameter matches "email" and no positional param for place 2 (which is 3 in the JDBC 'start at 1' scheme) has been set. [statement:"insert into users (name,alias,email, passwdHash, salt, search) values (:name, :alias, :email, :passwdHash, :salt, :search)", located:"insert into users (name,alias,email, passwdHash, salt, search) values (:name, :alias, :email, :passwdHash, :salt, :search)", rewritten:"insert into users (name,alias,email, passwdHash, salt, search) values (?, ?, ?, ?, ?, ?)", arguments:{ positional:{}, named:{fname:'null',lname:'null',password:'motdepasse',search:'tclavier null',salt:'graindesel',inUserGroup:true,name:'tclavier',alias:'null',anonymous:false,id:0,passwdHash:'84edb3f1dcfbb6812672f56489433f374612054bed48890a54ab07a64dccaa6f',class:class fr.iutinfo.skeleton.api.User}, finder:[]}]
	at org.skife.jdbi.v2.ColonPrefixNamedParamStatementRewriter$MyRewrittenStatement.bind(ColonPrefixNamedParamStatementRewriter.java:156)
	at org.skife.jdbi.v2.SQLStatement.internalExecute(SQLStatement.java:1318)
	at org.skife.jdbi.v2.Update.executeAndReturnGeneratedKeys(Update.java:77)
	at org.skife.jdbi.v2.sqlobject.UpdateHandler$1.value(UpdateHandler.java:50)
	at org.skife.jdbi.v2.sqlobject.UpdateHandler.invoke(UpdateHandler.java:72)
	at org.skife.jdbi.v2.sqlobject.SqlObject.invoke(SqlObject.java:175)
	at org.skife.jdbi.v2.sqlobject.SqlObject$1.intercept(SqlObject.java:75)
	at org.skife.jdbi.v2.sqlobject.CloseInternalDoNotUseThisClass$$EnhancerByCGLIB$$c69fac30.insert(<generated>)
	at fr.iutinfo.skeleton.api.Helper.createUser(Helper.java:41)
	at fr.iutinfo.skeleton.api.Helper.createUserWithPassword(Helper.java:37)
	at fr.iutinfo.skeleton.api.LoginResourceTest.should_return_anonymous_user_for_bad_user(LoginResourceTest.java:43)
]]></error>
    <system-out><![CDATA[16:39:18.938 [main] DEBUG fr.iutinfo.skeleton.api.Helper - createUserWithPassword Hash : 84edb3f1dcfbb6812672f56489433f374612054bed48890a54ab07a64dccaa6f
]]></system-out>
    <system-err><![CDATA[mars 21, 2018 4:39:18 PM org.glassfish.jersey.test.simple.SimpleTestContainerFactory$SimpleTestContainer <init>
INFOS: Creating SimpleTestContainer configured at the base URI http://localhost:9998/
]]></system-err>
  </testcase>
</testsuite>