<?xml version="1.0" encoding="UTF-8"?>
<testsuite name="fr.iutinfo.skeleton.api.UserResourceTest" time="1.493" tests="14" errors="13" skipped="0" failures="0">
  <properties>
[...]
</properties>
  <testcase name="list_should_search_in_alias_field" classname="fr.iutinfo.skeleton.api.UserResourceTest" time="0.095">
    <error message="Unresolved compilation problem: &#10;	The method getName() is undefined for the type UserDto&#10;" type="java.lang.Error">java.lang.Error: Unresolved compilation problem: 
	The method getName() is undefined for the type UserDto

	at fr.iutinfo.skeleton.api.UserResourceTest.list_should_search_in_alias_field(UserResourceTest.java:129)
</error>
    <system-err><![CDATA[mars 21, 2018 4:13:28 PM org.glassfish.jersey.test.simple.SimpleTestContainerFactory$SimpleTestContainer <init>
INFOS: Creating SimpleTestContainer configured at the base URI http://localhost:9998/
]]></system-err>
  </testcase>
  <testcase name="after_delete_read_user_sould_return_204" classname="fr.iutinfo.skeleton.api.UserResourceTest" time="0.089">
    <error message="Unable to execute, no named parameter matches &quot;email&quot; and no positional param for place 2 (which is 3 in the JDBC &apos;start at 1&apos; scheme) has been set. [statement:&quot;insert into users (name,alias,email, passwdHash, salt, search) values (:name, :alias, :email, :passwdHash, :salt, :search)&quot;, located:&quot;insert into users (name,alias,email, passwdHash, salt, search) values (:name, :alias, :email, :passwdHash, :salt, :search)&quot;, rewritten:&quot;insert into users (name,alias,email, passwdHash, salt, search) values (?, ?, ?, ?, ?, ?)&quot;, arguments:{ positional:{}, named:{fname:&apos;null&apos;,lname:&apos;null&apos;,password:&apos;null&apos;,search:&apos;toto null&apos;,salt:&apos;5770bdea299fde78dd39c03c2ecdfd7e3fa5e135afefb739eb903a06942b1fcf&apos;,inUserGroup:true,name:&apos;toto&apos;,alias:&apos;null&apos;,anonymous:false,id:0,passwdHash:&apos;null&apos;,class:class fr.iutinfo.skeleton.api.User}, finder:[]}]" type="org.skife.jdbi.v2.exceptions.UnableToExecuteStatementException"><![CDATA[org.skife.jdbi.v2.exceptions.UnableToExecuteStatementException: Unable to execute, no named parameter matches "email" and no positional param for place 2 (which is 3 in the JDBC 'start at 1' scheme) has been set. [statement:"insert into users (name,alias,email, passwdHash, salt, search) values (:name, :alias, :email, :passwdHash, :salt, :search)", located:"insert into users (name,alias,email, passwdHash, salt, search) values (:name, :alias, :email, :passwdHash, :salt, :search)", rewritten:"insert into users (name,alias,email, passwdHash, salt, search) values (?, ?, ?, ?, ?, ?)", arguments:{ positional:{}, named:{fname:'null',lname:'null',password:'null',search:'toto null',salt:'5770bdea299fde78dd39c03c2ecdfd7e3fa5e135afefb739eb903a06942b1fcf',inUserGroup:true,name:'toto',alias:'null',anonymous:false,id:0,passwdHash:'null',class:class fr.iutinfo.skeleton.api.User}, finder:[]}]
	at org.skife.jdbi.v2.ColonPrefixNamedParamStatementRewriter$MyRewrittenStatement.bind(ColonPrefixNamedParamStatementRewriter.java:156)
	at org.skife.jdbi.v2.SQLStatement.internalExecute(SQLStatement.java:1318)
	at org.skife.jdbi.v2.Update.executeAndReturnGeneratedKeys(Update.java:77)
	at org.skife.jdbi.v2.sqlobject.UpdateHandler$1.value(UpdateHandler.java:50)
	at org.skife.jdbi.v2.sqlobject.UpdateHandler.invoke(UpdateHandler.java:72)
	at org.skife.jdbi.v2.sqlobject.SqlObject.invoke(SqlObject.java:175)
	at org.skife.jdbi.v2.sqlobject.SqlObject$1.intercept(SqlObject.java:75)
	at org.skife.jdbi.v2.sqlobject.CloseInternalDoNotUseThisClass$$EnhancerByCGLIB$$c69fac30.insert(<generated>)
	at fr.iutinfo.skeleton.api.Helper.createUser(Helper.java:46)
	at fr.iutinfo.skeleton.api.Helper.createUserWithName(Helper.java:23)
	at fr.iutinfo.skeleton.api.UserResourceTest.after_delete_read_user_sould_return_204(UserResourceTest.java:94)
]]></error>
    <system-err><![CDATA[mars 21, 2018 4:13:28 PM org.glassfish.jersey.test.simple.SimpleTestContainerFactory$SimpleTestContainer <init>
INFOS: Creating SimpleTestContainer configured at the base URI http://localhost:9998/
]]></system-err>
  </testcase>
  <testcase name="delete_unexisting_should_return_404" classname="fr.iutinfo.skeleton.api.UserResourceTest" time="0.107"/>
  <testcase name="read_user_should_read_user_with_same_salt" classname="fr.iutinfo.skeleton.api.UserResourceTest" time="0.087">
    <error message="Unable to execute, no named parameter matches &quot;email&quot; and no positional param for place 2 (which is 3 in the JDBC &apos;start at 1&apos; scheme) has been set. [statement:&quot;insert into users (name,alias,email, passwdHash, salt, search) values (:name, :alias, :email, :passwdHash, :salt, :search)&quot;, located:&quot;insert into users (name,alias,email, passwdHash, salt, search) values (:name, :alias, :email, :passwdHash, :salt, :search)&quot;, rewritten:&quot;insert into users (name,alias,email, passwdHash, salt, search) values (?, ?, ?, ?, ?, ?)&quot;, arguments:{ positional:{}, named:{fname:&apos;null&apos;,lname:&apos;null&apos;,password:&apos;motdepasse&apos;,search:&apos;Mark Shuttleworth null&apos;,salt:&apos;graindesel&apos;,inUserGroup:true,name:&apos;Mark Shuttleworth&apos;,alias:&apos;null&apos;,anonymous:false,id:0,passwdHash:&apos;84edb3f1dcfbb6812672f56489433f374612054bed48890a54ab07a64dccaa6f&apos;,class:class fr.iutinfo.skeleton.api.User}, finder:[]}]" type="org.skife.jdbi.v2.exceptions.UnableToExecuteStatementException"><![CDATA[org.skife.jdbi.v2.exceptions.UnableToExecuteStatementException: Unable to execute, no named parameter matches "email" and no positional param for place 2 (which is 3 in the JDBC 'start at 1' scheme) has been set. [statement:"insert into users (name,alias,email, passwdHash, salt, search) values (:name, :alias, :email, :passwdHash, :salt, :search)", located:"insert into users (name,alias,email, passwdHash, salt, search) values (:name, :alias, :email, :passwdHash, :salt, :search)", rewritten:"insert into users (name,alias,email, passwdHash, salt, search) values (?, ?, ?, ?, ?, ?)", arguments:{ positional:{}, named:{fname:'null',lname:'null',password:'motdepasse',search:'Mark Shuttleworth null',salt:'graindesel',inUserGroup:true,name:'Mark Shuttleworth',alias:'null',anonymous:false,id:0,passwdHash:'84edb3f1dcfbb6812672f56489433f374612054bed48890a54ab07a64dccaa6f',class:class fr.iutinfo.skeleton.api.User}, finder:[]}]
	at org.skife.jdbi.v2.ColonPrefixNamedParamStatementRewriter$MyRewrittenStatement.bind(ColonPrefixNamedParamStatementRewriter.java:156)
	at org.skife.jdbi.v2.SQLStatement.internalExecute(SQLStatement.java:1318)
	at org.skife.jdbi.v2.Update.executeAndReturnGeneratedKeys(Update.java:77)
	at org.skife.jdbi.v2.sqlobject.UpdateHandler$1.value(UpdateHandler.java:50)
	at org.skife.jdbi.v2.sqlobject.UpdateHandler.invoke(UpdateHandler.java:72)
	at org.skife.jdbi.v2.sqlobject.SqlObject.invoke(SqlObject.java:175)
	at org.skife.jdbi.v2.sqlobject.SqlObject$1.intercept(SqlObject.java:75)
	at org.skife.jdbi.v2.sqlobject.CloseInternalDoNotUseThisClass$$EnhancerByCGLIB$$c69fac30.insert(<generated>)
	at fr.iutinfo.skeleton.api.Helper.createUser(Helper.java:46)
	at fr.iutinfo.skeleton.api.Helper.createUserWithPassword(Helper.java:42)
	at fr.iutinfo.skeleton.api.UserResourceTest.read_user_should_read_user_with_same_salt(UserResourceTest.java:56)
]]></error>
    <system-out><![CDATA[16:13:28.437 [main] DEBUG fr.iutinfo.skeleton.api.Helper - createUserWithPassword Hash : 84edb3f1dcfbb6812672f56489433f374612054bed48890a54ab07a64dccaa6f
]]></system-out>
    <system-err><![CDATA[mars 21, 2018 4:13:28 PM org.glassfish.jersey.test.simple.SimpleTestContainerFactory$SimpleTestContainer <init>
INFOS: Creating SimpleTestContainer configured at the base URI http://localhost:9998/
]]></system-err>
  </testcase>
  <testcase name="should_delete_user" classname="fr.iutinfo.skeleton.api.UserResourceTest" time="0.085">
    <error message="Unable to execute, no named parameter matches &quot;email&quot; and no positional param for place 2 (which is 3 in the JDBC &apos;start at 1&apos; scheme) has been set. [statement:&quot;insert into users (name,alias,email, passwdHash, salt, search) values (:name, :alias, :email, :passwdHash, :salt, :search)&quot;, located:&quot;insert into users (name,alias,email, passwdHash, salt, search) values (:name, :alias, :email, :passwdHash, :salt, :search)&quot;, rewritten:&quot;insert into users (name,alias,email, passwdHash, salt, search) values (?, ?, ?, ?, ?, ?)&quot;, arguments:{ positional:{}, named:{fname:&apos;null&apos;,lname:&apos;null&apos;,password:&apos;null&apos;,search:&apos;toto null&apos;,salt:&apos;605e084367cc241e32e4c4e9c3a49c21d50e69efa3e8934c224ccd1d6dda2a91&apos;,inUserGroup:true,name:&apos;toto&apos;,alias:&apos;null&apos;,anonymous:false,id:0,passwdHash:&apos;null&apos;,class:class fr.iutinfo.skeleton.api.User}, finder:[]}]" type="org.skife.jdbi.v2.exceptions.UnableToExecuteStatementException"><![CDATA[org.skife.jdbi.v2.exceptions.UnableToExecuteStatementException: Unable to execute, no named parameter matches "email" and no positional param for place 2 (which is 3 in the JDBC 'start at 1' scheme) has been set. [statement:"insert into users (name,alias,email, passwdHash, salt, search) values (:name, :alias, :email, :passwdHash, :salt, :search)", located:"insert into users (name,alias,email, passwdHash, salt, search) values (:name, :alias, :email, :passwdHash, :salt, :search)", rewritten:"insert into users (name,alias,email, passwdHash, salt, search) values (?, ?, ?, ?, ?, ?)", arguments:{ positional:{}, named:{fname:'null',lname:'null',password:'null',search:'toto null',salt:'605e084367cc241e32e4c4e9c3a49c21d50e69efa3e8934c224ccd1d6dda2a91',inUserGroup:true,name:'toto',alias:'null',anonymous:false,id:0,passwdHash:'null',class:class fr.iutinfo.skeleton.api.User}, finder:[]}]
	at org.skife.jdbi.v2.ColonPrefixNamedParamStatementRewriter$MyRewrittenStatement.bind(ColonPrefixNamedParamStatementRewriter.java:156)
	at org.skife.jdbi.v2.SQLStatement.internalExecute(SQLStatement.java:1318)
	at org.skife.jdbi.v2.Update.executeAndReturnGeneratedKeys(Update.java:77)
	at org.skife.jdbi.v2.sqlobject.UpdateHandler$1.value(UpdateHandler.java:50)
	at org.skife.jdbi.v2.sqlobject.UpdateHandler.invoke(UpdateHandler.java:72)
	at org.skife.jdbi.v2.sqlobject.SqlObject.invoke(SqlObject.java:175)
	at org.skife.jdbi.v2.sqlobject.SqlObject$1.intercept(SqlObject.java:75)
	at org.skife.jdbi.v2.sqlobject.CloseInternalDoNotUseThisClass$$EnhancerByCGLIB$$c69fac30.insert(<generated>)
	at fr.iutinfo.skeleton.api.Helper.createUser(Helper.java:46)
	at fr.iutinfo.skeleton.api.Helper.createUserWithName(Helper.java:23)
	at fr.iutinfo.skeleton.api.UserResourceTest.should_delete_user(UserResourceTest.java:101)
]]></error>
    <system-err><![CDATA[mars 21, 2018 4:13:28 PM org.glassfish.jersey.test.simple.SimpleTestContainerFactory$SimpleTestContainer <init>
INFOS: Creating SimpleTestContainer configured at the base URI http://localhost:9998/
]]></system-err>
  </testcase>
  <testcase name="list_should_search_in_email_field" classname="fr.iutinfo.skeleton.api.UserResourceTest" time="0.08">
    <error message="Unresolved compilation problem: &#10;	The method setEmail(String) is undefined for the type User&#10;" type="java.lang.Error">java.lang.Error: Unresolved compilation problem: 
	The method setEmail(String) is undefined for the type User

	at fr.iutinfo.skeleton.api.Helper.createFullUSer(Helper.java:55)
	at fr.iutinfo.skeleton.api.Helper.createRms(Helper.java:63)
	at fr.iutinfo.skeleton.api.UserResourceTest.list_should_search_in_email_field(UserResourceTest.java:134)
</error>
    <system-err><![CDATA[mars 21, 2018 4:13:28 PM org.glassfish.jersey.test.simple.SimpleTestContainerFactory$SimpleTestContainer <init>
INFOS: Creating SimpleTestContainer configured at the base URI http://localhost:9998/
]]></system-err>
  </testcase>
  <testcase name="read_user_should_return_hashed_password" classname="fr.iutinfo.skeleton.api.UserResourceTest" time="0.076">
    <error message="Unable to execute, no named parameter matches &quot;email&quot; and no positional param for place 2 (which is 3 in the JDBC &apos;start at 1&apos; scheme) has been set. [statement:&quot;insert into users (name,alias,email, passwdHash, salt, search) values (:name, :alias, :email, :passwdHash, :salt, :search)&quot;, located:&quot;insert into users (name,alias,email, passwdHash, salt, search) values (:name, :alias, :email, :passwdHash, :salt, :search)&quot;, rewritten:&quot;insert into users (name,alias,email, passwdHash, salt, search) values (?, ?, ?, ?, ?, ?)&quot;, arguments:{ positional:{}, named:{fname:&apos;null&apos;,lname:&apos;null&apos;,password:&apos;motdepasse&apos;,search:&apos;Loïc Dachary null&apos;,salt:&apos;grain de sable&apos;,inUserGroup:true,name:&apos;Loïc Dachary&apos;,alias:&apos;null&apos;,anonymous:false,id:0,passwdHash:&apos;dfeb21109fe5eab1b1db7369844921c44b87b44669b0742f3f73bd166b474779&apos;,class:class fr.iutinfo.skeleton.api.User}, finder:[]}]" type="org.skife.jdbi.v2.exceptions.UnableToExecuteStatementException"><![CDATA[org.skife.jdbi.v2.exceptions.UnableToExecuteStatementException: Unable to execute, no named parameter matches "email" and no positional param for place 2 (which is 3 in the JDBC 'start at 1' scheme) has been set. [statement:"insert into users (name,alias,email, passwdHash, salt, search) values (:name, :alias, :email, :passwdHash, :salt, :search)", located:"insert into users (name,alias,email, passwdHash, salt, search) values (:name, :alias, :email, :passwdHash, :salt, :search)", rewritten:"insert into users (name,alias,email, passwdHash, salt, search) values (?, ?, ?, ?, ?, ?)", arguments:{ positional:{}, named:{fname:'null',lname:'null',password:'motdepasse',search:'Loïc Dachary null',salt:'grain de sable',inUserGroup:true,name:'Loïc Dachary',alias:'null',anonymous:false,id:0,passwdHash:'dfeb21109fe5eab1b1db7369844921c44b87b44669b0742f3f73bd166b474779',class:class fr.iutinfo.skeleton.api.User}, finder:[]}]
	at org.skife.jdbi.v2.ColonPrefixNamedParamStatementRewriter$MyRewrittenStatement.bind(ColonPrefixNamedParamStatementRewriter.java:156)
	at org.skife.jdbi.v2.SQLStatement.internalExecute(SQLStatement.java:1318)
	at org.skife.jdbi.v2.Update.executeAndReturnGeneratedKeys(Update.java:77)
	at org.skife.jdbi.v2.sqlobject.UpdateHandler$1.value(UpdateHandler.java:50)
	at org.skife.jdbi.v2.sqlobject.UpdateHandler.invoke(UpdateHandler.java:72)
	at org.skife.jdbi.v2.sqlobject.SqlObject.invoke(SqlObject.java:175)
	at org.skife.jdbi.v2.sqlobject.SqlObject$1.intercept(SqlObject.java:75)
	at org.skife.jdbi.v2.sqlobject.CloseInternalDoNotUseThisClass$$EnhancerByCGLIB$$c69fac30.insert(<generated>)
	at fr.iutinfo.skeleton.api.Helper.createUser(Helper.java:46)
	at fr.iutinfo.skeleton.api.Helper.createUserWithPassword(Helper.java:42)
	at fr.iutinfo.skeleton.api.UserResourceTest.read_user_should_return_hashed_password(UserResourceTest.java:63)
]]></error>
    <system-out><![CDATA[16:13:28.682 [main] DEBUG fr.iutinfo.skeleton.api.Helper - createUserWithPassword Hash : dfeb21109fe5eab1b1db7369844921c44b87b44669b0742f3f73bd166b474779
]]></system-out>
    <system-err><![CDATA[mars 21, 2018 4:13:28 PM org.glassfish.jersey.test.simple.SimpleTestContainerFactory$SimpleTestContainer <init>
INFOS: Creating SimpleTestContainer configured at the base URI http://localhost:9998/
]]></system-err>
  </testcase>
  <testcase name="list_all_must_be_ordered" classname="fr.iutinfo.skeleton.api.UserResourceTest" time="0.082">
    <error message="Unresolved compilation problem: &#10;	The method getName() is undefined for the type UserDto&#10;" type="java.lang.Error">java.lang.Error: Unresolved compilation problem: 
	The method getName() is undefined for the type UserDto

	at fr.iutinfo.skeleton.api.UserResourceTest.list_all_must_be_ordered(UserResourceTest.java:89)
</error>
    <system-err><![CDATA[mars 21, 2018 4:13:28 PM org.glassfish.jersey.test.simple.SimpleTestContainerFactory$SimpleTestContainer <init>
INFOS: Creating SimpleTestContainer configured at the base URI http://localhost:9998/
]]></system-err>
  </testcase>
  <testcase name="create_should_return_the_user_with_valid_id" classname="fr.iutinfo.skeleton.api.UserResourceTest" time="0.395">
    <error message="String index out of range: 23" type="java.lang.StringIndexOutOfBoundsException">java.lang.StringIndexOutOfBoundsException: String index out of range: 23
	at java.lang.String.substring(String.java:1963)
	at fr.iutinfo.skeleton.api.UserResourceTest.create_should_return_the_user_with_valid_id(UserResourceTest.java:73)
</error>
    <system-out><![CDATA[16:13:29.125 [Worker: RequestDispatcher: Thread-55] DEBUG fr.iutinfo.skeleton.auth.AuthFilter - authorizationHeader : null
]]></system-out>
    <system-err><![CDATA[mars 21, 2018 4:13:28 PM org.glassfish.jersey.test.simple.SimpleTestContainerFactory$SimpleTestContainer <init>
INFOS: Creating SimpleTestContainer configured at the base URI http://localhost:9998/
]]></system-err>
  </testcase>
  <testcase name="read_should_return_a_user_as_object" classname="fr.iutinfo.skeleton.api.UserResourceTest" time="0.079">
    <error message="Unresolved compilation problem: &#10;	The method getName() is undefined for the type UserDto&#10;" type="java.lang.Error">java.lang.Error: Unresolved compilation problem: 
	The method getName() is undefined for the type UserDto

	at fr.iutinfo.skeleton.api.UserResourceTest.read_should_return_a_user_as_object(UserResourceTest.java:36)
</error>
    <system-err><![CDATA[mars 21, 2018 4:13:29 PM org.glassfish.jersey.test.simple.SimpleTestContainerFactory$SimpleTestContainer <init>
INFOS: Creating SimpleTestContainer configured at the base URI http://localhost:9998/
]]></system-err>
  </testcase>
  <testcase name="list_should_search_in_name_field" classname="fr.iutinfo.skeleton.api.UserResourceTest" time="0.081">
    <error message="Unresolved compilation problem: &#10;	The method getName() is undefined for the type UserDto&#10;" type="java.lang.Error">java.lang.Error: Unresolved compilation problem: 
	The method getName() is undefined for the type UserDto

	at fr.iutinfo.skeleton.api.UserResourceTest.list_should_search_in_name_field(UserResourceTest.java:119)
</error>
    <system-err><![CDATA[mars 21, 2018 4:13:29 PM org.glassfish.jersey.test.simple.SimpleTestContainerFactory$SimpleTestContainer <init>
INFOS: Creating SimpleTestContainer configured at the base URI http://localhost:9998/
]]></system-err>
  </testcase>
  <testcase name="list_should_return_all_users" classname="fr.iutinfo.skeleton.api.UserResourceTest" time="0.079">
    <error message="Unable to execute, no named parameter matches &quot;email&quot; and no positional param for place 2 (which is 3 in the JDBC &apos;start at 1&apos; scheme) has been set. [statement:&quot;insert into users (name,alias,email, passwdHash, salt, search) values (:name, :alias, :email, :passwdHash, :salt, :search)&quot;, located:&quot;insert into users (name,alias,email, passwdHash, salt, search) values (:name, :alias, :email, :passwdHash, :salt, :search)&quot;, rewritten:&quot;insert into users (name,alias,email, passwdHash, salt, search) values (?, ?, ?, ?, ?, ?)&quot;, arguments:{ positional:{}, named:{fname:&apos;null&apos;,lname:&apos;null&apos;,password:&apos;null&apos;,search:&apos;foo null&apos;,salt:&apos;9443e49f8748cbea0d33346b7add7287a260714b1c9188403e707222cd063fc1&apos;,inUserGroup:true,name:&apos;foo&apos;,alias:&apos;null&apos;,anonymous:false,id:0,passwdHash:&apos;null&apos;,class:class fr.iutinfo.skeleton.api.User}, finder:[]}]" type="org.skife.jdbi.v2.exceptions.UnableToExecuteStatementException"><![CDATA[org.skife.jdbi.v2.exceptions.UnableToExecuteStatementException: Unable to execute, no named parameter matches "email" and no positional param for place 2 (which is 3 in the JDBC 'start at 1' scheme) has been set. [statement:"insert into users (name,alias,email, passwdHash, salt, search) values (:name, :alias, :email, :passwdHash, :salt, :search)", located:"insert into users (name,alias,email, passwdHash, salt, search) values (:name, :alias, :email, :passwdHash, :salt, :search)", rewritten:"insert into users (name,alias,email, passwdHash, salt, search) values (?, ?, ?, ?, ?, ?)", arguments:{ positional:{}, named:{fname:'null',lname:'null',password:'null',search:'foo null',salt:'9443e49f8748cbea0d33346b7add7287a260714b1c9188403e707222cd063fc1',inUserGroup:true,name:'foo',alias:'null',anonymous:false,id:0,passwdHash:'null',class:class fr.iutinfo.skeleton.api.User}, finder:[]}]
	at org.skife.jdbi.v2.ColonPrefixNamedParamStatementRewriter$MyRewrittenStatement.bind(ColonPrefixNamedParamStatementRewriter.java:156)
	at org.skife.jdbi.v2.SQLStatement.internalExecute(SQLStatement.java:1318)
	at org.skife.jdbi.v2.Update.executeAndReturnGeneratedKeys(Update.java:77)
	at org.skife.jdbi.v2.sqlobject.UpdateHandler$1.value(UpdateHandler.java:50)
	at org.skife.jdbi.v2.sqlobject.UpdateHandler.invoke(UpdateHandler.java:72)
	at org.skife.jdbi.v2.sqlobject.SqlObject.invoke(SqlObject.java:175)
	at org.skife.jdbi.v2.sqlobject.SqlObject$1.intercept(SqlObject.java:75)
	at org.skife.jdbi.v2.sqlobject.CloseInternalDoNotUseThisClass$$EnhancerByCGLIB$$c69fac30.insert(<generated>)
	at fr.iutinfo.skeleton.api.Helper.createUser(Helper.java:46)
	at fr.iutinfo.skeleton.api.Helper.createUserWithName(Helper.java:23)
	at fr.iutinfo.skeleton.api.UserResourceTest.list_should_return_all_users(UserResourceTest.java:78)
]]></error>
    <system-err><![CDATA[mars 21, 2018 4:13:29 PM org.glassfish.jersey.test.simple.SimpleTestContainerFactory$SimpleTestContainer <init>
INFOS: Creating SimpleTestContainer configured at the base URI http://localhost:9998/
]]></system-err>
  </testcase>
  <testcase name="read_user_should_return_good_alias" classname="fr.iutinfo.skeleton.api.UserResourceTest" time="0.074">
    <error message="Unresolved compilation problem: &#10;	The method getAlias() is undefined for the type UserDto&#10;" type="java.lang.Error">java.lang.Error: Unresolved compilation problem: 
	The method getAlias() is undefined for the type UserDto

	at fr.iutinfo.skeleton.api.UserResourceTest.read_user_should_return_good_alias(UserResourceTest.java:43)
</error>
    <system-err><![CDATA[mars 21, 2018 4:13:29 PM org.glassfish.jersey.test.simple.SimpleTestContainerFactory$SimpleTestContainer <init>
INFOS: Creating SimpleTestContainer configured at the base URI http://localhost:9998/
]]></system-err>
  </testcase>
  <testcase name="read_user_should_return_good_email" classname="fr.iutinfo.skeleton.api.UserResourceTest" time="0.084">
    <error message="Unresolved compilation problem: &#10;	The method getEmail() is undefined for the type UserDto&#10;" type="java.lang.Error">java.lang.Error: Unresolved compilation problem: 
	The method getEmail() is undefined for the type UserDto

	at fr.iutinfo.skeleton.api.UserResourceTest.read_user_should_return_good_email(UserResourceTest.java:50)
</error>
    <system-err><![CDATA[mars 21, 2018 4:13:29 PM org.glassfish.jersey.test.simple.SimpleTestContainerFactory$SimpleTestContainer <init>
INFOS: Creating SimpleTestContainer configured at the base URI http://localhost:9998/
]]></system-err>
  </testcase>
</testsuite>